  FctTrigo.c
C:\Users\jerjeanelie\Documents\GitHub\Projet_PROG\Projet_PROG_Fct_Trigo\FctTrigo.c(54,51): warning C4244: '=' : conversion de 'double' en 'int', perte possible de données
C:\Users\jerjeanelie\Documents\GitHub\Projet_PROG\Projet_PROG_Fct_Trigo\FctTrigo.c(101,5): warning C4996: 'scanf': This function or variable may be unsafe. Consider using scanf_s instead. To disable deprecation, use _CRT_SECURE_NO_WARNINGS. See online help for details.
C:\Users\jerjeanelie\Documents\GitHub\Projet_PROG\Projet_PROG_Fct_Trigo\FctTrigo.c(103,5): warning C4996: 'scanf': This function or variable may be unsafe. Consider using scanf_s instead. To disable deprecation, use _CRT_SECURE_NO_WARNINGS. See online help for details.
C:\Users\jerjeanelie\Documents\GitHub\Projet_PROG\Projet_PROG_Fct_Trigo\FctTrigo.c(108,5): warning C4996: 'scanf': This function or variable may be unsafe. Consider using scanf_s instead. To disable deprecation, use _CRT_SECURE_NO_WARNINGS. See online help for details.
C:\Users\jerjeanelie\Documents\GitHub\Projet_PROG\Projet_PROG_Fct_Trigo\FctTrigo.c(116,13): warning C4996: 'scanf': This function or variable may be unsafe. Consider using scanf_s instead. To disable deprecation, use _CRT_SECURE_NO_WARNINGS. See online help for details.
C:\Users\jerjeanelie\Documents\GitHub\Projet_PROG\Projet_PROG_Fct_Trigo\FctTrigo.c(118,13): warning C4996: 'scanf': This function or variable may be unsafe. Consider using scanf_s instead. To disable deprecation, use _CRT_SECURE_NO_WARNINGS. See online help for details.
C:\Users\jerjeanelie\Documents\GitHub\Projet_PROG\Projet_PROG_Fct_Trigo\FctTrigo.c(126,13): warning C4996: 'scanf': This function or variable may be unsafe. Consider using scanf_s instead. To disable deprecation, use _CRT_SECURE_NO_WARNINGS. See online help for details.
C:\Users\jerjeanelie\Documents\GitHub\Projet_PROG\Projet_PROG_Fct_Trigo\FctTrigo.c(128,13): warning C4996: 'scanf': This function or variable may be unsafe. Consider using scanf_s instead. To disable deprecation, use _CRT_SECURE_NO_WARNINGS. See online help for details.
C:\Users\jerjeanelie\Documents\GitHub\Projet_PROG\Projet_PROG_Fct_Trigo\FctTrigo.c(136,13): warning C4996: 'scanf': This function or variable may be unsafe. Consider using scanf_s instead. To disable deprecation, use _CRT_SECURE_NO_WARNINGS. See online help for details.
C:\Users\jerjeanelie\Documents\GitHub\Projet_PROG\Projet_PROG_Fct_Trigo\FctTrigo.c(138,13): warning C4996: 'scanf': This function or variable may be unsafe. Consider using scanf_s instead. To disable deprecation, use _CRT_SECURE_NO_WARNINGS. See online help for details.
C:\Users\jerjeanelie\Documents\GitHub\Projet_PROG\Projet_PROG_Fct_Trigo\FctTrigo.c(154,13): warning C4996: 'scanf': This function or variable may be unsafe. Consider using scanf_s instead. To disable deprecation, use _CRT_SECURE_NO_WARNINGS. See online help for details.
C:\Users\jerjeanelie\Documents\GitHub\Projet_PROG\Projet_PROG_Fct_Trigo\FctTrigo.c(156,13): warning C4996: 'scanf': This function or variable may be unsafe. Consider using scanf_s instead. To disable deprecation, use _CRT_SECURE_NO_WARNINGS. See online help for details.
C:\Users\jerjeanelie\Documents\GitHub\Projet_PROG\Projet_PROG_Fct_Trigo\FctTrigo.c(164,13): warning C4996: 'scanf': This function or variable may be unsafe. Consider using scanf_s instead. To disable deprecation, use _CRT_SECURE_NO_WARNINGS. See online help for details.
C:\Users\jerjeanelie\Documents\GitHub\Projet_PROG\Projet_PROG_Fct_Trigo\FctTrigo.c(166,13): warning C4996: 'scanf': This function or variable may be unsafe. Consider using scanf_s instead. To disable deprecation, use _CRT_SECURE_NO_WARNINGS. See online help for details.
C:\Users\jerjeanelie\Documents\GitHub\Projet_PROG\Projet_PROG_Fct_Trigo\FctTrigo.c(174,13): warning C4996: 'scanf': This function or variable may be unsafe. Consider using scanf_s instead. To disable deprecation, use _CRT_SECURE_NO_WARNINGS. See online help for details.
C:\Users\jerjeanelie\Documents\GitHub\Projet_PROG\Projet_PROG_Fct_Trigo\FctTrigo.c(176,13): warning C4996: 'scanf': This function or variable may be unsafe. Consider using scanf_s instead. To disable deprecation, use _CRT_SECURE_NO_WARNINGS. See online help for details.
  Projet_PROG_Fct_Trigo.vcxproj -> C:\Users\jerjeanelie\Documents\GitHub\Projet_PROG\Projet_PROG_Fct_Trigo\x64\Debug\Projet_PROG_Fct_Trigo.exe
  'pwsh.exe' n'est pas reconnu en tant que commande interne
  ou externe, un programme exécutable ou un fichier de commandes.
